<?xml version="1.0" encoding="UTF-8"?>
<testsuite xmlns:xsi="http://www.w3.org/2001/XMLSchema-instance" xsi:noNamespaceSchemaLocation="https://maven.apache.org/surefire/maven-surefire-plugin/xsd/surefire-test-report-3.0.xsd" version="3.0" name="com.mycompany.app.AppTest" time="0.009" tests="0" errors="0" skipped="0" failures="0">
  <properties>
    <property name="java.specification.version" value="23"/>
    <property name="sun.jnu.encoding" value="UTF-8"/>
    <property name="java.class.path" value="/Users/scarlsson/Library/Mobile Documents/com~apple~CloudDocs/Kungliga Tekniska Högskolan/Datalagring IV1351 HT24/IV1351-project/Seminar4HigherGradeTask/target/test-classes:/Users/scarlsson/Library/Mobile Documents/com~apple~CloudDocs/Kungliga Tekniska Högskolan/Datalagring IV1351 HT24/IV1351-project/Seminar4HigherGradeTask/target/classes:/Users/scarlsson/.m2/repository/org/postgresql/postgresql/42.2.16/postgresql-42.2.16.jar:/Users/scarlsson/.m2/repository/org/checkerframework/checker-qual/3.5.0/checker-qual-3.5.0.jar:/Users/scarlsson/.m2/repository/mysql/mysql-connector-java/8.0.21/mysql-connector-java-8.0.21.jar:/Users/scarlsson/.m2/repository/com/google/protobuf/protobuf-java/3.11.4/protobuf-java-3.11.4.jar:"/>
    <property name="java.vm.vendor" value="Homebrew"/>
    <property name="sun.arch.data.model" value="64"/>
    <property name="java.vendor.url" value="https://github.com/Homebrew/homebrew-core/issues"/>
    <property name="os.name" value="Mac OS X"/>
    <property name="java.vm.specification.version" value="23"/>
    <property name="sun.java.launcher" value="SUN_STANDARD"/>
    <property name="user.country" value="SE"/>
    <property name="sun.boot.library.path" value="/usr/local/Cellar/openjdk/23.0.1/libexec/openjdk.jdk/Contents/Home/lib"/>
    <property name="sun.java.command" value="/Users/scarlsson/Library/Mobile Documents/com~apple~CloudDocs/Kungliga Tekniska Högskolan/Datalagring IV1351 HT24/IV1351-project/Seminar4HigherGradeTask/target/surefire/surefirebooter-20241212164237580_3.jar /Users/scarlsson/Library/Mobile Documents/com~apple~CloudDocs/Kungliga Tekniska Högskolan/Datalagring IV1351 HT24/IV1351-project/Seminar4HigherGradeTask/target/surefire 2024-12-12T16-42-37_302-jvmRun1 surefire-20241212164237580_1tmp surefire_0-20241212164237580_2tmp"/>
    <property name="jdk.debug" value="release"/>
    <property name="surefire.test.class.path" value="/Users/scarlsson/Library/Mobile Documents/com~apple~CloudDocs/Kungliga Tekniska Högskolan/Datalagring IV1351 HT24/IV1351-project/Seminar4HigherGradeTask/target/test-classes:/Users/scarlsson/Library/Mobile Documents/com~apple~CloudDocs/Kungliga Tekniska Högskolan/Datalagring IV1351 HT24/IV1351-project/Seminar4HigherGradeTask/target/classes:/Users/scarlsson/.m2/repository/org/postgresql/postgresql/42.2.16/postgresql-42.2.16.jar:/Users/scarlsson/.m2/repository/org/checkerframework/checker-qual/3.5.0/checker-qual-3.5.0.jar:/Users/scarlsson/.m2/repository/mysql/mysql-connector-java/8.0.21/mysql-connector-java-8.0.21.jar:/Users/scarlsson/.m2/repository/com/google/protobuf/protobuf-java/3.11.4/protobuf-java-3.11.4.jar:"/>
    <property name="sun.cpu.endian" value="little"/>
    <property name="user.home" value="/Users/scarlsson"/>
    <property name="user.language" value="sv"/>
    <property name="java.specification.vendor" value="Oracle Corporation"/>
    <property name="java.version.date" value="2024-10-15"/>
    <property name="java.home" value="/usr/local/Cellar/openjdk/23.0.1/libexec/openjdk.jdk/Contents/Home"/>
    <property name="file.separator" value="/"/>
    <property name="basedir" value="/Users/scarlsson/Library/Mobile Documents/com~apple~CloudDocs/Kungliga Tekniska Högskolan/Datalagring IV1351 HT24/IV1351-project/Seminar4HigherGradeTask"/>
    <property name="java.vm.compressedOopsMode" value="Zero based"/>
    <property name="line.separator" value="&#10;"/>
    <property name="java.specification.name" value="Java Platform API Specification"/>
    <property name="java.vm.specification.vendor" value="Oracle Corporation"/>
    <property name="apple.awt.application.name" value="ForkedBooter"/>
    <property name="surefire.real.class.path" value="/Users/scarlsson/Library/Mobile Documents/com~apple~CloudDocs/Kungliga Tekniska Högskolan/Datalagring IV1351 HT24/IV1351-project/Seminar4HigherGradeTask/target/surefire/surefirebooter-20241212164237580_3.jar"/>
    <property name="sun.management.compiler" value="HotSpot 64-Bit Tiered Compilers"/>
    <property name="java.runtime.version" value="23.0.1"/>
    <property name="user.name" value="scarlsson"/>
    <property name="stdout.encoding" value="UTF-8"/>
    <property name="path.separator" value=":"/>
    <property name="os.version" value="15.1.1"/>
    <property name="java.runtime.name" value="OpenJDK Runtime Environment"/>
    <property name="file.encoding" value="UTF-8"/>
    <property name="java.vm.name" value="OpenJDK 64-Bit Server VM"/>
    <property name="java.vendor.version" value="Homebrew"/>
    <property name="localRepository" value="/Users/scarlsson/.m2/repository"/>
    <property name="java.vendor.url.bug" value="https://github.com/Homebrew/homebrew-core/issues"/>
    <property name="java.io.tmpdir" value="/var/folders/42/v6cj5wbs41169r7cnkvz4_mw0000gn/T/"/>
    <property name="java.version" value="23.0.1"/>
    <property name="user.dir" value="/Users/scarlsson/Library/Mobile Documents/com~apple~CloudDocs/Kungliga Tekniska Högskolan/Datalagring IV1351 HT24/IV1351-project/Seminar4HigherGradeTask"/>
    <property name="os.arch" value="x86_64"/>
    <property name="java.vm.specification.name" value="Java Virtual Machine Specification"/>
    <property name="native.encoding" value="UTF-8"/>
    <property name="java.library.path" value="/Users/scarlsson/Library/Java/Extensions:/Library/Java/Extensions:/Network/Library/Java/Extensions:/System/Library/Java/Extensions:/usr/lib/java:."/>
    <property name="java.vm.info" value="mixed mode, sharing"/>
    <property name="stderr.encoding" value="UTF-8"/>
    <property name="java.vendor" value="Homebrew"/>
    <property name="java.vm.version" value="23.0.1"/>
    <property name="sun.io.unicode.encoding" value="UnicodeBig"/>
    <property name="java.class.version" value="67.0"/>
  </properties>
</testsuite>